<?xml version="1.0" encoding="UTF-8"?>
<testsuite name="hello.hellosring.HelloSringApplicationTests" tests="1" skipped="0" failures="0" errors="0" timestamp="2021-12-01T14:07:56" hostname="TaeWookui-MacBookPro.local" time="0.361">
  <properties/>
  <testcase name="contextLoads()" classname="hello.hellosring.HelloSringApplicationTests" time="0.361"/>
  <system-out><![CDATA[23:07:54.511 [Test worker] DEBUG org.springframework.test.context.BootstrapUtils - Instantiating CacheAwareContextLoaderDelegate from class [org.springframework.test.context.cache.DefaultCacheAwareContextLoaderDelegate]
23:07:54.525 [Test worker] DEBUG org.springframework.test.context.BootstrapUtils - Instantiating BootstrapContext using constructor [public org.springframework.test.context.support.DefaultBootstrapContext(java.lang.Class,org.springframework.test.context.CacheAwareContextLoaderDelegate)]
23:07:54.563 [Test worker] DEBUG org.springframework.test.context.BootstrapUtils - Instantiating TestContextBootstrapper for test class [hello.hellosring.HelloSringApplicationTests] from class [org.springframework.boot.test.context.SpringBootTestContextBootstrapper]
23:07:54.577 [Test worker] INFO org.springframework.boot.test.context.SpringBootTestContextBootstrapper - Neither @ContextConfiguration nor @ContextHierarchy found for test class [hello.hellosring.HelloSringApplicationTests], using SpringBootContextLoader
23:07:54.581 [Test worker] DEBUG org.springframework.test.context.support.AbstractContextLoader - Did not detect default resource location for test class [hello.hellosring.HelloSringApplicationTests]: class path resource [hello/hellosring/HelloSringApplicationTests-context.xml] does not exist
23:07:54.582 [Test worker] DEBUG org.springframework.test.context.support.AbstractContextLoader - Did not detect default resource location for test class [hello.hellosring.HelloSringApplicationTests]: class path resource [hello/hellosring/HelloSringApplicationTestsContext.groovy] does not exist
23:07:54.582 [Test worker] INFO org.springframework.test.context.support.AbstractContextLoader - Could not detect default resource locations for test class [hello.hellosring.HelloSringApplicationTests]: no resource found for suffixes {-context.xml, Context.groovy}.
23:07:54.584 [Test worker] INFO org.springframework.test.context.support.AnnotationConfigContextLoaderUtils - Could not detect default configuration classes for test class [hello.hellosring.HelloSringApplicationTests]: HelloSringApplicationTests does not declare any static, non-private, non-final, nested classes annotated with @Configuration.
23:07:54.628 [Test worker] DEBUG org.springframework.test.context.support.ActiveProfilesUtils - Could not find an 'annotation declaring class' for annotation type [org.springframework.test.context.ActiveProfiles] and class [hello.hellosring.HelloSringApplicationTests]
23:07:54.679 [Test worker] DEBUG org.springframework.context.annotation.ClassPathScanningCandidateComponentProvider - Identified candidate component class: file [/Users/parktaewook/IdeaProjects/hello-sring/build/classes/java/main/hello/hellosring/HelloSringApplication.class]
23:07:54.680 [Test worker] INFO org.springframework.boot.test.context.SpringBootTestContextBootstrapper - Found @SpringBootConfiguration hello.hellosring.HelloSringApplication for test class hello.hellosring.HelloSringApplicationTests
23:07:54.775 [Test worker] DEBUG org.springframework.boot.test.context.SpringBootTestContextBootstrapper - @TestExecutionListeners is not present for class [hello.hellosring.HelloSringApplicationTests]: using defaults.
23:07:54.776 [Test worker] INFO org.springframework.boot.test.context.SpringBootTestContextBootstrapper - Loaded default TestExecutionListener class names from location [META-INF/spring.factories]: [org.springframework.boot.test.autoconfigure.restdocs.RestDocsTestExecutionListener, org.springframework.boot.test.autoconfigure.web.client.MockRestServiceServerResetTestExecutionListener, org.springframework.boot.test.autoconfigure.web.servlet.MockMvcPrintOnlyOnFailureTestExecutionListener, org.springframework.boot.test.autoconfigure.web.servlet.WebDriverTestExecutionListener, org.springframework.boot.test.autoconfigure.webservices.client.MockWebServiceServerTestExecutionListener, org.springframework.boot.test.mock.mockito.MockitoTestExecutionListener, org.springframework.boot.test.mock.mockito.ResetMocksTestExecutionListener, org.springframework.test.context.web.ServletTestExecutionListener, org.springframework.test.context.support.DirtiesContextBeforeModesTestExecutionListener, org.springframework.test.context.event.ApplicationEventsTestExecutionListener, org.springframework.test.context.support.DependencyInjectionTestExecutionListener, org.springframework.test.context.support.DirtiesContextTestExecutionListener, org.springframework.test.context.transaction.TransactionalTestExecutionListener, org.springframework.test.context.jdbc.SqlScriptsTestExecutionListener, org.springframework.test.context.event.EventPublishingTestExecutionListener]
23:07:54.789 [Test worker] DEBUG org.springframework.boot.test.context.SpringBootTestContextBootstrapper - Skipping candidate TestExecutionListener [org.springframework.test.context.transaction.TransactionalTestExecutionListener] due to a missing dependency. Specify custom listener classes or make the default listener classes and their required dependencies available. Offending class: [org/springframework/transaction/interceptor/TransactionAttributeSource]
23:07:54.790 [Test worker] DEBUG org.springframework.boot.test.context.SpringBootTestContextBootstrapper - Skipping candidate TestExecutionListener [org.springframework.test.context.jdbc.SqlScriptsTestExecutionListener] due to a missing dependency. Specify custom listener classes or make the default listener classes and their required dependencies available. Offending class: [org/springframework/transaction/interceptor/TransactionAttribute]
23:07:54.790 [Test worker] INFO org.springframework.boot.test.context.SpringBootTestContextBootstrapper - Using TestExecutionListeners: [org.springframework.test.context.web.ServletTestExecutionListener@37d2c9ea, org.springframework.test.context.support.DirtiesContextBeforeModesTestExecutionListener@96d88a8, org.springframework.test.context.event.ApplicationEventsTestExecutionListener@4327081b, org.springframework.boot.test.mock.mockito.MockitoTestExecutionListener@2b9d7496, org.springframework.boot.test.autoconfigure.SpringBootDependencyInjectionTestExecutionListener@a217596, org.springframework.test.context.support.DirtiesContextTestExecutionListener@6fec94b2, org.springframework.test.context.event.EventPublishingTestExecutionListener@14f03e84, org.springframework.boot.test.autoconfigure.restdocs.RestDocsTestExecutionListener@5409d148, org.springframework.boot.test.autoconfigure.web.client.MockRestServiceServerResetTestExecutionListener@5585939a, org.springframework.boot.test.autoconfigure.web.servlet.MockMvcPrintOnlyOnFailureTestExecutionListener@5e47d49c, org.springframework.boot.test.autoconfigure.web.servlet.WebDriverTestExecutionListener@4b56d5ce, org.springframework.boot.test.autoconfigure.webservices.client.MockWebServiceServerTestExecutionListener@51cfde7d, org.springframework.boot.test.mock.mockito.ResetMocksTestExecutionListener@28af9e9d]
23:07:54.793 [Test worker] DEBUG org.springframework.test.context.support.AbstractDirtiesContextTestExecutionListener - Before test class: context [DefaultTestContext@793a2796 testClass = HelloSringApplicationTests, testInstance = [null], testMethod = [null], testException = [null], mergedContextConfiguration = [WebMergedContextConfiguration@142556a1 testClass = HelloSringApplicationTests, locations = '{}', classes = '{class hello.hellosring.HelloSringApplication}', contextInitializerClasses = '[]', activeProfiles = '{}', propertySourceLocations = '{}', propertySourceProperties = '{org.springframework.boot.test.context.SpringBootTestContextBootstrapper=true}', contextCustomizers = set[org.springframework.boot.test.autoconfigure.actuate.metrics.MetricsExportContextCustomizerFactory$DisableMetricExportContextCustomizer@5ab05aaa, org.springframework.boot.test.autoconfigure.properties.PropertyMappingContextCustomizer@0, org.springframework.boot.test.autoconfigure.web.servlet.WebDriverContextCustomizerFactory$Customizer@2bae4ffa, org.springframework.boot.test.context.filter.ExcludeFilterContextCustomizer@7dc44d7b, org.springframework.boot.test.json.DuplicateJsonObjectContextCustomizerFactory$DuplicateJsonObjectContextCustomizer@5da3dc21, org.springframework.boot.test.mock.mockito.MockitoContextCustomizer@0, org.springframework.boot.test.web.client.TestRestTemplateContextCustomizer@6054d37f, org.springframework.boot.test.context.SpringBootTestArgs@1, org.springframework.boot.test.context.SpringBootTestWebEnvironment@13a126b], resourceBasePath = 'src/main/webapp', contextLoader = 'org.springframework.boot.test.context.SpringBootContextLoader', parent = [null]], attributes = map['org.springframework.test.context.web.ServletTestExecutionListener.activateListener' -> true]], class annotated with @DirtiesContext [false] with mode [null].
23:07:54.827 [Test worker] DEBUG org.springframework.test.context.support.TestPropertySourceUtils - Adding inlined properties to environment: {spring.jmx.enabled=false, org.springframework.boot.test.context.SpringBootTestContextBootstrapper=true}

  .   ____          _            __ _ _
 /\\ / ___'_ __ _ _(_)_ __  __ _ \ \ \ \
( ( )\___ | '_ | '_| | '_ \/ _` | \ \ \ \
 \\/  ___)| |_)| | | | | || (_| |  ) ) ) )
  '  |____| .__|_| |_|_| |_\__, | / / / /
 =========|_|==============|___/=/_/_/_/
 :: Spring Boot ::               (v2.4.11)

2021-12-01 23:07:55.319  INFO 1078 --- [    Test worker] h.hellosring.HelloSringApplicationTests  : Starting HelloSringApplicationTests using Java 13.0.1 on TaeWookui-MacBookPro.local with PID 1078 (started by parktaewook in /Users/parktaewook/IdeaProjects/hello-sring)
2021-12-01 23:07:55.322  INFO 1078 --- [    Test worker] h.hellosring.HelloSringApplicationTests  : No active profile set, falling back to default profiles: default
2021-12-01 23:07:56.461  INFO 1078 --- [    Test worker] o.s.b.a.w.s.WelcomePageHandlerMapping    : Adding welcome page: class path resource [static/index.html]
2021-12-01 23:07:56.677  INFO 1078 --- [    Test worker] h.hellosring.HelloSringApplicationTests  : Started HelloSringApplicationTests in 1.842 seconds (JVM running for 2.999)
]]></system-out>
  <system-err><![CDATA[]]></system-err>
</testsuite>
